🔍 PeatBid Level 3 Monitor — 2026-05-16 23:43:22
   監視対象: 10銘柄
  [1/10] 山崎18年 avg=¥88,819 count=1,557
  [2/10] 山崎25年 avg=¥196,257 count=409
  [3/10] 響30年 avg=¥258,824 count=149
  [4/10] 響21年 avg=¥86,436 count=1,367
  [5/10] 白州25年 avg=¥98,607 count=161
  [6/10] 白州18年 avg=¥55,381 count=443
  [7/10] 軽井沢12年 avg=¥64,878 count=117
  [8/10] マッカラン25年 avg=¥196,403 count=291
  [9/10] マッカラン30年 avg=¥357,195 count=137
  [10/10] 秩父ザファースト avg=¥83,107 count=22

📝 提案レポート: /Users/takashi.hasegawa/projects/peatbid/data/scraper-state/proposals/2026-05-16.md
⚠️  DISCORD_WEBHOOK_URL 未設定 — 通知スキップ

✅ 完了。変動検知: 0/10件
🔍 PeatBid Level 3 Monitor — 2026-05-22 09:00:01
   監視対象: 50銘柄
  [1/50] 山崎NV avg=¥14,765 count=259
  [2/50] 山崎12年 avg=¥31,032 count=5,144
  [3/50] 山崎18年 avg=¥89,554 count=1,596
  [4/50] 山崎25年 avg=¥206,456 count=396  ⚠️ 変動検知 (avg +5.4%, count -3.4%)
  [5/50] 山崎55年 avg=¥24,651 count=24
  [6/50] 響NV avg=¥21,555 count=1,569
  [7/50] 響17年 avg=¥52,302 count=932
  [8/50] 響21年 avg=¥85,965 count=1,396
  [9/50] 響30年 avg=¥257,019 count=151
  [10/50] 白州NV avg=¥15,674 count=188
  [11/50] 白州12年 avg=¥26,109 count=1,581
  [12/50] 白州18年 avg=¥55,800 count=449
  [13/50] 白州25年 avg=¥96,760 count=164
  [14/50] 竹鶴ピュアモルト avg=¥20,370 count=2,124
  [15/50] 竹鶴17年 avg=¥32,534 count=417
  [16/50] 竹鶴21年 avg=¥57,832 count=238
  [17/50] 竹鶴25年 avg=¥85,629 count=85
  [18/50] 余市NV avg=¥34,500 count=4
  [19/50] 余市10年 avg=¥39,796 count=488
  [20/50] 余市15年 avg=¥65,937 count=79
  [21/50] 余市20年 avg=¥190,883 count=63
  [22/50] 宮城峡NV avg=¥32,000 count=4
  [23/50] 宮城峡12年 avg=¥34,558 count=66
  [24/50] 宮城峡15年 avg=¥49,721 count=28
  [25/50] 軽井沢12年 avg=¥64,305 count=115
  [26/50] 軽井沢30年 avg=¥321,950 count=2
  [27/50] 羽生カード avg=¥14,552 count=177,537
  [28/50] 秩父ザファースト avg=¥84,603 count=22
  [29/50] イチローズモルト カード avg=¥684,076 count=13
  [30/50] イチローズ ダブルディスティラリーズ avg=¥18,961 count=515
  [31/50] イチローズMWR avg=¥12,792 count=275
  [32/50] マルス駒ヶ岳 avg=¥18,434 count=717
  [33/50] マッカラン12年 avg=¥27,633 count=1,851
  [34/50] マッカラン18年 avg=¥111,203 count=659
  [35/50] マッカラン25年 avg=¥203,118 count=286
  [36/50] マッカラン30年 avg=¥361,387 count=141
  [37/50] マッカラン Fine&Rare avg=¥216,007 count=14
  [38/50] ボウモア18年 avg=¥63,625 count=158  ⚠️ 変動検知 (avg +7.9%, count -1.2%)
  [39/50] ボウモア25年 avg=¥112,770 count=133  ⚠️ 変動検知 (avg +6.0%, count -3.6%)
  [40/50] ブラックボウモア avg=¥58,334 count=74  ⚠️ 変動検知 (avg -46.3%, count +10.4%)
  [41/50] アードベッグ ウーガダール avg=¥21,357 count=64
  [42/50] アードベッグ コリーヴレッカン avg=¥14,481 count=54
  [43/50] スプリングバンク15年 avg=¥48,236 count=124
  [44/50] スプリングバンク21年 avg=¥104,953 count=82
  [45/50] ラフロイグ25年 avg=¥90,648 count=75
  [46/50] タリスカー25年 avg=¥33,722 count=58  ⚠️ 変動検知 (avg +6.5%, count -9.4%)
  [47/50] グレンフィディック30年 avg=¥71,465 count=29
  [48/50] グレンファークラス25年 avg=¥28,643 count=80
  [49/50] バルヴェニー ポートウッド21年 avg=¥29,688 count=12
  [50/50] グレンモーレンジ シグネット avg=¥21,872 count=52

📝 提案レポート: /Users/takashi.hasegawa/projects/peatbid/data/scraper-state/proposals/2026-05-22.md
⚠️  DISCORD_WEBHOOK_URL 未設定 — 通知スキップ

✅ 完了。変動検知: 5/50件
